<?xml version="1.0" encoding="UTF-8"?>
<testsuite xmlns:xsi="http://www.w3.org/2001/XMLSchema-instance" xsi:noNamespaceSchemaLocation="https://maven.apache.org/surefire/maven-surefire-plugin/xsd/surefire-test-report-3.0.xsd" version="3.0" name="nl.novi.PersonTest" time="0.058" tests="5" errors="0" skipped="0" failures="0">
  <properties>
[...]
</properties>
  <testcase name="shouldAddParentsAsMotherOrFather" classname="nl.novi.PersonTest" time="0.027"/>
  <testcase name="shouldAddPets" classname="nl.novi.PersonTest" time="0.001"/>
  <testcase name="shouldAddSiblings" classname="nl.novi.PersonTest" time="0.001"/>
  <testcase name="ShouldGetGrandChildren" classname="nl.novi.PersonTest" time="0.001"/>
  <testcase name="shouldAddChildren" classname="nl.novi.PersonTest" time="0.007"/>
</testsuite>